билд_на_Android_Studio/app44/unityLibrary/build/intermediates/manifest_merge_blame_file/debug/manifest-merger-blame-debug-report.txt
1<?xml version="1.0" encoding="utf-8"?>
2<manifest xmlns:android="http://schemas.android.com/apk/res/android"
3    xmlns:tools="http://schemas.android.com/tools"
4    package="com.unity3d.player"
5    android:versionCode="1"
6    android:versionName="1.0" >
7
8    <uses-sdk
9        android:minSdkVersion="22"
9-->src\main\AndroidManifest.xml
10        android:targetSdkVersion="30" />
10-->src\main\AndroidManifest.xml
11
12    <uses-feature android:glEsVersion="0x00020000" />
12-->src\main\AndroidManifest.xml:20:3-52
12-->src\main\AndroidManifest.xml:20:17-49
13
14    <uses-permission android:name="android.permission.INTERNET" />
14-->src\main\AndroidManifest.xml:21:3-65
14-->src\main\AndroidManifest.xml:21:20-62
15    <uses-permission android:name="android.permission.CHANGE_WIFI_MULTICAST_STATE" />
15-->src\main\AndroidManifest.xml:22:3-84
15-->src\main\AndroidManifest.xml:22:20-81
16
17    <uses-feature
17-->src\main\AndroidManifest.xml:23:3-97
18        android:name="android.hardware.sensor.accelerometer"
18-->src\main\AndroidManifest.xml:23:17-69
19        android:required="false" />
19-->src\main\AndroidManifest.xml:23:70-94
20    <uses-feature
20-->src\main\AndroidManifest.xml:24:3-88
21        android:name="android.hardware.touchscreen"
21-->src\main\AndroidManifest.xml:24:17-60
22        android:required="false" />
22-->src\main\AndroidManifest.xml:24:61-85
23    <uses-feature
23-->src\main\AndroidManifest.xml:25:3-99
24        android:name="android.hardware.touchscreen.multitouch"
24-->src\main\AndroidManifest.xml:25:17-71
25        android:required="false" />
25-->src\main\AndroidManifest.xml:25:72-96
26    <uses-feature
26-->src\main\AndroidManifest.xml:26:3-108
27        android:name="android.hardware.touchscreen.multitouch.distinct"
27-->src\main\AndroidManifest.xml:26:17-80
28        android:required="false" />
28-->src\main\AndroidManifest.xml:26:81-105
29
30    <application
30-->src\main\AndroidManifest.xml:3:3-19:17
31        android:extractNativeLibs="true"
31-->src\main\AndroidManifest.xml:3:16-48
32        android:isGame="true" >
32-->src\main\AndroidManifest.xml:3:49-70
33        <activity
33-->src\main\AndroidManifest.xml:4:5-12:16
34            android:name="com.unity3d.player.UnityPlayerActivity"
34-->src\main\AndroidManifest.xml:4:15-68
35            android:configChanges="mcc|mnc|locale|touchscreen|keyboard|keyboardHidden|navigation|orientation|screenLayout|uiMode|screenSize|smallestScreenSize|fontScale|layoutDirection|density"
35-->src\main\AndroidManifest.xml:4:181-362
36            android:hardwareAccelerated="false"
36-->src\main\AndroidManifest.xml:4:398-433
37            android:launchMode="singleTask"
37-->src\main\AndroidManifest.xml:4:149-180
38            android:resizeableActivity="false"
38-->src\main\AndroidManifest.xml:4:363-397
39            android:screenOrientation="landscape"
39-->src\main\AndroidManifest.xml:4:111-148
40            android:theme="@style/UnityThemeSelector" >
40-->src\main\AndroidManifest.xml:4:69-110
41            <intent-filter>
41-->src\main\AndroidManifest.xml:5:7-9:23
42                <action android:name="android.intent.action.MAIN" />
42-->src\main\AndroidManifest.xml:6:9-61
42-->src\main\AndroidManifest.xml:6:17-58
43
44                <category android:name="android.intent.category.LAUNCHER" />
44-->src\main\AndroidManifest.xml:7:9-69
44-->src\main\AndroidManifest.xml:7:19-66
45                <category android:name="android.intent.category.LEANBACK_LAUNCHER" />
45-->src\main\AndroidManifest.xml:8:9-78
45-->src\main\AndroidManifest.xml:8:19-75
46            </intent-filter>
47
48            <meta-data
48-->src\main\AndroidManifest.xml:10:7-82
49                android:name="unityplayer.UnityActivity"
49-->src\main\AndroidManifest.xml:10:18-58
50                android:value="true" />
50-->src\main\AndroidManifest.xml:10:59-79
51            <meta-data
51-->src\main\AndroidManifest.xml:11:7-78
52                android:name="android.notch_support"
52-->src\main\AndroidManifest.xml:11:18-54
53                android:value="true" />
53-->src\main\AndroidManifest.xml:11:55-75
54        </activity>
55
56        <meta-data
56-->src\main\AndroidManifest.xml:13:5-69
57            android:name="unity.splash-mode"
57-->src\main\AndroidManifest.xml:13:16-48
58            android:value="0" />
58-->src\main\AndroidManifest.xml:13:49-66
59        <meta-data
59-->src\main\AndroidManifest.xml:14:5-74
60            android:name="unity.splash-enable"
60-->src\main\AndroidManifest.xml:14:16-50
61            android:value="True" />
61-->src\main\AndroidManifest.xml:14:51-71
62        <meta-data
62-->src\main\AndroidManifest.xml:15:5-78
63            android:name="unity.launch-fullscreen"
63-->src\main\AndroidManifest.xml:15:16-54
64            android:value="True" />
64-->src\main\AndroidManifest.xml:15:55-75
65        <meta-data
65-->src\main\AndroidManifest.xml:16:5-84
66            android:name="unity.allow-resizable-window"
66-->src\main\AndroidManifest.xml:16:16-59
67            android:value="False" />
67-->src\main\AndroidManifest.xml:16:60-81
68        <meta-data
68-->src\main\AndroidManifest.xml:17:5-81
69            android:name="notch.config"
69-->src\main\AndroidManifest.xml:17:16-43
70            android:value="portrait|landscape" />
70-->src\main\AndroidManifest.xml:17:44-78
71        <meta-data
71-->src\main\AndroidManifest.xml:18:5-84
72            android:name="unity.auto-report-fully-drawn"
72-->src\main\AndroidManifest.xml:18:16-60
73            android:value="true" />
73-->src\main\AndroidManifest.xml:18:61-81
74    </application>
75
76</manifest>